<?xml version="1.0" encoding="UTF-8"?>
<testng-results ignored="0" total="1" passed="1" failed="0" skipped="0">
  <reporter-output>
  </reporter-output>
  <suite started-at="2020-06-13T00:46:51Z" name="Surefire suite" finished-at="2020-06-13T00:46:51Z" duration-ms="17">
    <groups>
    </groups>
    <test started-at="2020-06-13T00:46:51Z" name="Surefire test" finished-at="2020-06-13T00:46:51Z" duration-ms="17">
      <class name="liumaven.ShuMaven.SeleniumTest">
        <test-method signature="browserAutomation()[pri:0, instance:liumaven.ShuMaven.SeleniumTest@6580cfdd]" started-at="2020-06-12T20:46:51Z" name="browserAutomation" finished-at="2020-06-12T20:46:51Z" duration-ms="7" status="PASS">
          <reporter-output>
          </reporter-output>
        </test-method> <!-- browserAutomation -->
      </class> <!-- liumaven.ShuMaven.SeleniumTest -->
    </test> <!-- Surefire test -->
  </suite> <!-- Surefire suite -->
</testng-results>
