<?xml version="1.0" encoding="UTF-8"?>
<testng-results ignored="0" total="1" passed="1" failed="0" skipped="0">
  <reporter-output>
  </reporter-output>
  <suite started-at="2020-06-09T20:57:35 EDT" name="Default suite" finished-at="2020-06-09T20:57:35 EDT" duration-ms="42">
    <groups>
    </groups>
    <test started-at="2020-06-09T20:57:35 EDT" name="Default test" finished-at="2020-06-09T20:57:35 EDT" duration-ms="42">
      <class name="liumaven.ShuMaven.SeleniumTest">
        <test-method signature="browserAutomation()[pri:0, instance:liumaven.ShuMaven.SeleniumTest@68267da0]" started-at="2020-06-09T20:57:35 EDT" name="browserAutomation" finished-at="2020-06-09T20:57:35 EDT" duration-ms="7" status="PASS">
          <reporter-output>
          </reporter-output>
        </test-method> <!-- browserAutomation -->
      </class> <!-- liumaven.ShuMaven.SeleniumTest -->
    </test> <!-- Default test -->
  </suite> <!-- Default suite -->
</testng-results>
